2026-01-18T14:40:45.507+08:00  INFO 20776 --- [demo] [restartedMain] com.example.demo.DemoApplication         : Starting DemoApplication using Java 21.0.8 with PID 20776 (D:\my-fullstack-project\demo\target\classes started by 30302 in D:\my-fullstack-project\demo)
2026-01-18T14:40:45.514+08:00  INFO 20776 --- [demo] [restartedMain] com.example.demo.DemoApplication         : No active profile set, falling back to 1 default profile: "default"
2026-01-18T14:40:45.565+08:00  INFO 20776 --- [demo] [restartedMain] .e.DevToolsPropertyDefaultsPostProcessor : Devtools property defaults active! Set 'spring.devtools.add-properties' to 'false' to disable
2026-01-18T14:40:45.565+08:00  INFO 20776 --- [demo] [restartedMain] .e.DevToolsPropertyDefaultsPostProcessor : For additional web related logging consider setting the 'logging.level.web' property to 'DEBUG'
2026-01-18T14:40:47.006+08:00  INFO 20776 --- [demo] [restartedMain] o.s.b.w.embedded.tomcat.TomcatWebServer  : Tomcat initialized with port 8081 (http)
2026-01-18T14:40:47.010+08:00  INFO 20776 --- [demo] [restartedMain] o.a.catalina.core.AprLifecycleListener   : Loaded Apache Tomcat Native library [2.0.9] using APR version [1.7.6].
2026-01-18T14:40:47.013+08:00  INFO 20776 --- [demo] [restartedMain] o.a.catalina.core.AprLifecycleListener   : OpenSSL successfully initialized [OpenSSL 3.5.0 8 Apr 2025]
2026-01-18T14:40:47.020+08:00  INFO 20776 --- [demo] [restartedMain] o.apache.catalina.core.StandardService   : Starting service [Tomcat]
2026-01-18T14:40:47.021+08:00  INFO 20776 --- [demo] [restartedMain] o.apache.catalina.core.StandardEngine    : Starting Servlet engine: [Apache Tomcat/10.1.31]
2026-01-18T14:40:47.057+08:00  INFO 20776 --- [demo] [restartedMain] o.a.c.c.C.[Tomcat].[localhost].[/]       : Initializing Spring embedded WebApplicationContext
2026-01-18T14:40:47.057+08:00  INFO 20776 --- [demo] [restartedMain] w.s.c.ServletWebServerApplicationContext : Root WebApplicationContext: initialization completed in 1491 ms
2026-01-18T14:40:47.643+08:00  WARN 20776 --- [demo] [restartedMain] .s.s.UserDetailsServiceAutoConfiguration : 

Using generated security password: b9678c0e-624e-4055-ba88-3564cba4b06e

This generated password is for development use only. Your security configuration must be updated before running your application in production.

2026-01-18T14:40:47.647+08:00  INFO 20776 --- [demo] [restartedMain] r$InitializeUserDetailsManagerConfigurer : Global AuthenticationManager configured with UserDetailsService bean with name inMemoryUserDetailsManager
2026-01-18T14:40:47.925+08:00  INFO 20776 --- [demo] [restartedMain] o.s.b.d.a.OptionalLiveReloadServer       : LiveReload server is running on port 35729
2026-01-18T14:40:48.137+08:00  INFO 20776 --- [demo] [restartedMain] o.s.b.w.embedded.tomcat.TomcatWebServer  : Tomcat started on port 8081 (http) with context path '/'
2026-01-18T14:40:48.143+08:00  INFO 20776 --- [demo] [restartedMain] com.example.demo.DemoApplication         : Started DemoApplication in 3.015 seconds (process running for 3.631)
2026-01-18T14:40:49.364+08:00  INFO 20776 --- [demo] [http-nio-8081-exec-2] o.a.c.c.C.[Tomcat].[localhost].[/]       : Initializing Spring DispatcherServlet 'dispatcherServlet'
2026-01-18T14:40:49.364+08:00  INFO 20776 --- [demo] [http-nio-8081-exec-2] o.s.web.servlet.DispatcherServlet        : Initializing Servlet 'dispatcherServlet'
2026-01-18T14:40:49.365+08:00  INFO 20776 --- [demo] [http-nio-8081-exec-2] o.s.web.servlet.DispatcherServlet        : Completed initialization in 1 ms
2026-01-18T14:40:57.570+08:00  WARN 20776 --- [demo] [http-nio-8081-exec-3] com.zaxxer.hikari.HikariConfig           : HikariPool-1 - idleTimeout is close to or more than maxLifetime, disabling it.
2026-01-18T14:40:57.570+08:00  INFO 20776 --- [demo] [http-nio-8081-exec-3] com.zaxxer.hikari.HikariDataSource       : HikariPool-1 - Starting...
2026-01-18T14:40:58.057+08:00  INFO 20776 --- [demo] [http-nio-8081-exec-3] com.zaxxer.hikari.pool.HikariPool        : HikariPool-1 - Added connection com.mysql.cj.jdbc.ConnectionImpl@50ebe137
2026-01-18T14:40:58.059+08:00  INFO 20776 --- [demo] [http-nio-8081-exec-3] com.zaxxer.hikari.HikariDataSource       : HikariPool-1 - Start completed.
2026-01-18T14:41:06.715+08:00 DEBUG 20776 --- [demo] [http-nio-8081-exec-5] c.e.demo.mapper.AdminMapper.selectList   : ==>  Preparing: SELECT id,username,role,nickname,password_hash AS password,gender,phone_number AS phone,birthday,avatar_url,last_login_time FROM users WHERE (username = ?)
2026-01-18T14:41:06.728+08:00 DEBUG 20776 --- [demo] [http-nio-8081-exec-5] c.e.demo.mapper.AdminMapper.selectList   : ==> Parameters: 12023(String)
2026-01-18T14:41:06.742+08:00 DEBUG 20776 --- [demo] [http-nio-8081-exec-5] c.e.demo.mapper.AdminMapper.selectList   : <==      Total: 1
2026-01-18T14:41:06.820+08:00 DEBUG 20776 --- [demo] [http-nio-8081-exec-5] c.e.demo.mapper.AdminMapper.updateById   : ==>  Preparing: UPDATE users SET username=?, role=?, nickname=?, password_hash=?, gender=?, phone_number=?, birthday=?, avatar_url=?, last_login_time=? WHERE id=?
2026-01-18T14:41:06.821+08:00 DEBUG 20776 --- [demo] [http-nio-8081-exec-5] c.e.demo.mapper.AdminMapper.updateById   : ==> Parameters: 12023(String), user(String), 111(String), $2a$10$UnLImE/8hGG5lAC/2U7QfOJAfVcZZPgNptEtUJHSavYYsFpZKfaUm(String), 1(Integer), 1111(String), 2024-02-18(String), /images/default-user-avatar.png(String), 2026-01-18 14:41:06.819(Timestamp), 4(Integer)
2026-01-18T14:41:06.827+08:00 DEBUG 20776 --- [demo] [http-nio-8081-exec-5] c.e.demo.mapper.AdminMapper.updateById   : <==    Updates: 1
2026-01-18T14:48:18.500+08:00 DEBUG 20776 --- [demo] [http-nio-8081-exec-7] c.e.demo.mapper.AdminMapper.selectList   : ==>  Preparing: SELECT id,username,role,nickname,password_hash AS password,gender,phone_number AS phone,birthday,avatar_url,last_login_time FROM users WHERE (username = ?)
2026-01-18T14:48:18.500+08:00 DEBUG 20776 --- [demo] [http-nio-8081-exec-7] c.e.demo.mapper.AdminMapper.selectList   : ==> Parameters: 12023(String)
2026-01-18T14:48:18.503+08:00 DEBUG 20776 --- [demo] [http-nio-8081-exec-7] c.e.demo.mapper.AdminMapper.selectList   : <==      Total: 1
2026-01-18T14:48:18.638+08:00 DEBUG 20776 --- [demo] [http-nio-8081-exec-7] c.e.demo.mapper.AdminMapper.updateById   : ==>  Preparing: UPDATE users SET username=?, role=?, nickname=?, password_hash=?, gender=?, phone_number=?, birthday=?, avatar_url=?, last_login_time=? WHERE id=?
2026-01-18T14:48:18.639+08:00 DEBUG 20776 --- [demo] [http-nio-8081-exec-7] c.e.demo.mapper.AdminMapper.updateById   : ==> Parameters: 12023(String), user(String), 111(String), $2a$10$UnLImE/8hGG5lAC/2U7QfOJAfVcZZPgNptEtUJHSavYYsFpZKfaUm(String), 1(Integer), 1111(String), 2024-02-18(String), /images/default-user-avatar.png(String), 2026-01-18 14:48:18.638(Timestamp), 4(Integer)
2026-01-18T14:48:18.650+08:00 DEBUG 20776 --- [demo] [http-nio-8081-exec-7] c.e.demo.mapper.AdminMapper.updateById   : <==    Updates: 1
